11.000000	11.000000	11.000000	11.000000	11.000000	11.000000	11.000000	11.000000	11.000000	11.000000	
11.000000	11.000000	11.000000	11.000000	11.000000	11.000000	11.000000	11.000000	11.000000	11.000000	
PASSED !!
11.000000	11.000000	11.000000	11.000000	11.000000	11.000000	11.000000	11.000000	11.000000	11.000000	
11.000000	11.000000	11.000000	11.000000	11.000000	11.000000	11.000000	11.000000	11.000000	11.000000	
PASSED !!
11.000000	11.000000	11.000000	11.000000	11.000000	11.000000	11.000000	11.000000	11.000000	11.000000	
11.000000	11.000000	11.000000	11.000000	11.000000	11.000000	11.000000	11.000000	11.000000	11.000000	
PASSED !!
11.000000	11.000000	11.000000	11.000000	11.000000	11.000000	11.000000	11.000000	11.000000	11.000000	
11.000000	11.000000	11.000000	11.000000	11.000000	11.000000	11.000000	11.000000	11.000000	11.000000	
PASSED !!
11.000000	11.000000	11.000000	11.000000	11.000000	11.000000	11.000000	11.000000	11.000000	11.000000	
11.000000	11.000000	11.000000	11.000000	11.000000	11.000000	11.000000	11.000000	11.000000	11.000000	
PASSED !!
11.000000	11.000000	11.000000	11.000000	11.000000	11.000000	11.000000	11.000000	11.000000	11.000000	
11.000000	11.000000	11.000000	11.000000	11.000000	11.000000	11.000000	11.000000	11.000000	11.000000	
PASSED !!
11.000000	11.000000	11.000000	11.000000	11.000000	11.000000	11.000000	11.000000	11.000000	11.000000	
11.000000	11.000000	11.000000	11.000000	11.000000	11.000000	11.000000	11.000000	11.000000	11.000000	
PASSED !!
11.000000	11.000000	11.000000	11.000000	11.000000	11.000000	11.000000	11.000000	11.000000	11.000000	
11.000000	11.000000	11.000000	11.000000	11.000000	11.000000	11.000000	11.000000	11.000000	11.000000	
PASSED !!
11.000000	11.000000	11.000000	11.000000	11.000000	11.000000	11.000000	11.000000	11.000000	11.000000	
11.000000	11.000000	11.000000	11.000000	11.000000	11.000000	11.000000	11.000000	11.000000	11.000000	
PASSED !!
11.000000	11.000000	11.000000	11.000000	11.000000	11.000000	11.000000	11.000000	11.000000	11.000000	
11.000000	11.000000	11.000000	11.000000	11.000000	11.000000	11.000000	11.000000	11.000000	11.000000	
PASSED !!
11.000000	11.000000	11.000000	11.000000	11.000000	11.000000	11.000000	11.000000	11.000000	11.000000	
11.000000	11.000000	11.000000	11.000000	11.000000	11.000000	11.000000	11.000000	11.000000	11.000000	
PASSED !!
11.000000	11.000000	11.000000	11.000000	11.000000	11.000000	11.000000	11.000000	11.000000	11.000000	
11.000000	11.000000	11.000000	11.000000	11.000000	11.000000	11.000000	11.000000	11.000000	11.000000	
PASSED !!


Batch Job Summary Report (version 21.01.1) for Job "cuda" (38933972) on daint

Job information (1/2)
-----------------------------------------------------------------------------------------------------
             Submit            Eligible               Start                 End    Elapsed Time limit
------------------- ------------------- ------------------- ------------------- ---------- ----------
2022-06-02T17:59:10 2022-06-02T17:59:10 2022-06-02T17:59:10 2022-06-02T17:59:24   00:00:14   00:05:00
-----------------------------------------------------------------------------------------------------

Job information (2/2)
-------------------------------------------------------------
    Username      Account    Partition   NNodes        Energy
------------ ------------ ------------ -------- -------------
    dbaumgar         uzg2        debug        1      0.709 kJ

