memcopy and daxpy test of size 4
-------
timings
-------
axpy (openmp): 0 s
axpy (openacc): 0.000257015 s

============ PASSED
memcopy and daxpy test of size 16
-------
timings
-------
axpy (openmp): 9.53674e-07 s
axpy (openacc): 0.000282049 s

============ PASSED
memcopy and daxpy test of size 256
-------
timings
-------
axpy (openmp): 9.53674e-07 s
axpy (openacc): 0.000257969 s

============ PASSED
memcopy and daxpy test of size 65536
-------
timings
-------
axpy (openmp): 0.000108004 s
axpy (openacc): 0.000386953 s

============ PASSED
memcopy and daxpy test of size 1
-------
timings
-------
axpy (openmp): 0 s
axpy (openacc): 0.000263929 s

============ PASSED


Batch Job Summary Report (version 21.01.1) for Job "cuda" (38755557) on daint

Job information (1/2)
-----------------------------------------------------------------------------------------------------
             Submit            Eligible               Start                 End    Elapsed Time limit
------------------- ------------------- ------------------- ------------------- ---------- ----------
2022-05-26T22:29:39 2022-05-26T22:29:39 2022-05-26T22:29:40 2022-05-26T22:30:01   00:00:21   00:05:00
-----------------------------------------------------------------------------------------------------

Job information (2/2)
-------------------------------------------------------------
    Username      Account    Partition   NNodes        Energy
------------ ------------ ------------ -------- -------------
    dbaumgar         uzg2        debug        1      1.591 kJ

