dot product OpenACC of length n = 2 : 1.52588e-05MB
expected 18 got 18: success
Host kernel took 0 s
GPU kernel took 0.018522 s
dot product OpenACC of length n = 1024 : 0.0078125MB
expected 9286 got 9286: success
Host kernel took 9.53674e-07 s
GPU kernel took 0.0183101 s
dot product OpenACC of length n = 1048576 : 8MB
expected 9.44282e+06 got 9.44282e+06: success
Host kernel took 0.000823975 s
GPU kernel took 0.0203791 s
Out of memory allocating 8589934592 bytes of device memory
Failing in Thread:1
total/free CUDA memory: 17071734784/8064335872
Present table dump for device[1]: NVIDIA Tesla GPU 0, compute capability 6.0, threadid=1
host:0x201d200000 device:0x3113600000 size:8589934592 presentcount:1+0 line:24 name:x
allocated block device:0x3113600000 size:8589934592 thread:1
dot product OpenACC of length n = 1073741824 : 8192MB
call to cuMemAlloc returned error 2: Out of memory

srun: error: nid02359: task 0: Exited with exit code 1
srun: launch/slurm: _step_signal: Terminating StepId=38755899.3
dot product OpenACC of length n = 256 : 0.00195312MB
expected 2408 got 2408: success
Host kernel took 9.53674e-07 s
GPU kernel took 0.0185082 s
dot product OpenACC of length n = 262144 : 2MB
expected 2.35962e+06 got 2.35962e+06: success
Host kernel took 0.000213861 s
GPU kernel took 0.018852 s


Batch Job Summary Report (version 21.01.1) for Job "cuda" (38755899) on daint

Job information (1/3)
-----------------------------------------------------------------------------------------------------
             Submit            Eligible               Start                 End    Elapsed Time limit
------------------- ------------------- ------------------- ------------------- ---------- ----------
2022-05-26T23:01:49 2022-05-26T23:01:49 2022-05-26T23:01:51 2022-05-26T23:02:36   00:00:45   00:05:00
-----------------------------------------------------------------------------------------------------

Job information (2/3)
-------------------------------------------------------------
    Username      Account    Partition   NNodes        Energy
------------ ------------ ------------ -------- -------------
    dbaumgar         uzg2        debug        1      4.402 kJ

Job information (3/3) - GPU utilization data
----------------------------------------------------
   Node name       Usage      Max mem Execution time
------------ ----------- ------------ --------------
    nid02359         3 %     8556 MiB       00:00:32

